#
# A fatal error has been detected by the Java Runtime Environment:
#
#  EXCEPTION_ACCESS_VIOLATION (0xc0000005) at pc=0x000000005a0a54b8, pid=77904, tid=0x0000000000011de4
#
# JRE version: OpenJDK Runtime Environment (8.0_202-b03) (build 1.8.0_202-release-1483-b03)
# Java VM: OpenJDK 64-Bit Server VM (25.202-b03 mixed mode windows-amd64 compressed oops)
# Problematic frame:
# V  [jvm.dll+0x1154b8]
#
# Failed to write core dump. Minidumps are not enabled by default on client versions of Windows
#
# If you would like to submit a bug report, please visit:
#   http://bugreport.java.com/bugreport/crash.jsp
#

---------------  T H R E A D  ---------------

Current thread (0x0000000002c87000):  GCTaskThread [stack: 0x0000000012710000,0x0000000012810000] [id=73188]

siginfo: ExceptionCode=0xc0000005, reading address 0xffffffffffffffff

Registers:
RAX=0x0000000012b10000, RBX=0x0000000000000001, RCX=0x0000000000000000, RDX=0x0000000000000000
RSP=0x000000001280f8f0, RBP=0x00000000166d3e80, RSI=0x00000000a02efa44, RDI=0x0000000001000000
R8 =0x007fffffffb08000, R9 =0x0000000000000c00, R10=0x000000000000000c, R11=0x0000000000000c00
R12=0x00000000a02efb80, R13=0x0000000000000e00, R14=0x00000000a02ec370, R15=0x0000000000000fa0
RIP=0x000000005a0a54b8, EFLAGS=0x0000000000010246

Top of Stack: (sp=0x000000001280f8f0)
0x000000001280f8f0:   00000000166d3fb0 000000005a07f42a
0x000000001280f900:   00000001002f0210 000000005a30db79
0x000000001280f910:   00000000a02ec370 000000005a1867f2
0x000000001280f920:   0000000000000000 0000000002c87820
0x000000001280f930:   0000000002c7e510 0000000000000c00
0x000000001280f940:   0000000000000001 000000005a35614a
0x000000001280f950:   00000000166d3e80 00000000a02ec370
0x000000001280f960:   000000005a5a7ba8 000000a100000001
0x000000001280f970:   000007fc00000135 000007fd00000135
0x000000001280f980:   0000003e00000053 00000000a02ec370
0x000000001280f990:   0000000000000c00 000000005a0a5541
0x000000001280f9a0:   00000000166d3fb0 0000003e00000054
0x000000001280f9b0:   0000000002c87000 0000000002c7e510
0x000000001280f9c0:   0000000002c87830 0000000002c87820
0x000000001280f9d0:   000000005a5a7ba8 0000000000000000
0x000000001280f9e0:   000000001e07b0e0 0000000000000000 

Instructions: (pc=0x000000005a0a54b8)
0x000000005a0a5498:   05 93 4a 6b 00 49 c1 e8 03 49 d3 e8 41 0f b6 c0
0x000000005a0a54a8:   49 c1 e8 06 24 3f 0f b6 d0 48 8b 05 a8 4a 6b 00
0x000000005a0a54b8:   4a 8b 0c c0 48 0f a3 d1 72 3e 48 8b cf e8 46 20
0x000000005a0a54c8:   fd ff 84 c0 74 32 48 8b d7 48 8b cd e8 27 e1 fc 


Register to memory mapping:

RAX=0x0000000012b10000 is an unknown value
RBX=0x0000000000000001 is an unknown value
RCX=0x0000000000000000 is an unknown value
RDX=0x0000000000000000 is an unknown value
RSP=0x000000001280f8f0 is an unknown value
RBP=0x00000000166d3e80 is an unknown value
RSI=0x00000000a02efa44 is pointing into object: 0x00000000a02ec370
[Ljava.lang.Object; 
 - klass: 'java/lang/Object'[]
 - length: 4000
RDI=0x0000000001000000 is an unknown value
R8 =0x007fffffffb08000 is an unknown value
R9 =0x0000000000000c00 is an unknown value
R10=0x000000000000000c is an unknown value
R11=0x0000000000000c00 is an unknown value
R12=0x00000000a02efb80 is pointing into object: 0x00000000a02ec370
[Ljava.lang.Object; 
 - klass: 'java/lang/Object'[]
 - length: 4000
R13=0x0000000000000e00 is an unknown value
R14=0x00000000a02ec370 is an oop
[Ljava.lang.Object; 
 - klass: 'java/lang/Object'[]
 - length: 4000
R15=0x0000000000000fa0 is an unknown value


Stack: [0x0000000012710000,0x0000000012810000],  sp=0x000000001280f8f0,  free space=1022k
Native frames: (J=compiled Java code, j=interpreted, Vv=VM code, C=native code)
V  [jvm.dll+0x1154b8]
V  [jvm.dll+0x3c614a]
V  [jvm.dll+0x3c38a0]
V  [jvm.dll+0x3c0d9e]
V  [jvm.dll+0x26f5ba]
C  [msvcr100.dll+0x21d9f]
C  [msvcr100.dll+0x21e3b]
C  [KERNEL32.DLL+0x17974]
C  [ntdll.dll+0x6a271]


---------------  P R O C E S S  ---------------

Java Threads: ( => current thread )
  0x000000001b810800 JavaThread "WorkerExecutor Queue Thread 8" [_thread_blocked, id=70440, stack(0x000000002ad50000,0x000000002ae50000)]
  0x000000001b80c000 JavaThread "WorkerExecutor Queue Thread 7" [_thread_blocked, id=28164, stack(0x000000002ac50000,0x000000002ad50000)]
  0x000000001b80b000 JavaThread "WorkerExecutor Queue Thread 6" [_thread_blocked, id=76812, stack(0x000000002ab50000,0x000000002ac50000)]
  0x000000001b803800 JavaThread "Cache worker for Java compile cache (D:\StuSpace\Text\.gradle\5.4.1\javaCompile)" [_thread_blocked, id=79460, stack(0x0000000027ae0000,0x0000000027be0000)]
  0x000000001b804800 JavaThread "Cache worker for Java compile cache (C:\Users\nb\.gradle\caches\5.4.1\javaCompile)" [_thread_blocked, id=24052, stack(0x00000000279e0000,0x0000000027ae0000)]
  0x000000001b807800 JavaThread "stdout" [_thread_in_native, id=77876, stack(0x00000000274e0000,0x00000000275e0000)]
  0x000000001b808000 JavaThread "stderr" [_thread_in_native, id=79224, stack(0x00000000273e0000,0x00000000274e0000)]
  0x000000001b806800 JavaThread "stdout" [_thread_in_native, id=62800, stack(0x00000000272e0000,0x00000000273e0000)]
  0x000000001c5f7000 JavaThread "stderr" [_thread_in_native, id=76104, stack(0x00000000271e0000,0x00000000272e0000)]
  0x000000001c5f5800 JavaThread "stdout" [_thread_in_native, id=79808, stack(0x00000000270e0000,0x00000000271e0000)]
  0x000000001c5f4800 JavaThread "stderr" [_thread_in_native, id=77452, stack(0x0000000026fe0000,0x00000000270e0000)]
  0x000000001c5f3000 JavaThread "stdout" [_thread_in_native, id=79476, stack(0x0000000026ee0000,0x0000000026fe0000)]
  0x000000001c5f2800 JavaThread "stderr" [_thread_in_native, id=75644, stack(0x0000000026de0000,0x0000000026ee0000)]
  0x000000001c5e9000 JavaThread "pool-5-thread-1" [_thread_blocked, id=69604, stack(0x0000000026ce0000,0x0000000026de0000)]
  0x000000001c5f6000 JavaThread "MarlinRenderer Disposer" daemon [_thread_blocked, id=77924, stack(0x0000000026be0000,0x0000000026ce0000)]
  0x000000001c5ea800 JavaThread "Java2D Disposer" daemon [_thread_blocked, id=79488, stack(0x0000000026ae0000,0x0000000026be0000)]
  0x000000001c5f0000 JavaThread "WorkerExecutor Queue" [_thread_blocked, id=71976, stack(0x00000000264e0000,0x00000000265e0000)]
  0x000000001c5e7800 JavaThread "Cache worker for execution history cache (D:\StuSpace\Text\.gradle\5.4.1\executionHistory)" [_thread_blocked, id=78292, stack(0x00000000263e0000,0x00000000264e0000)]
  0x000000001c5eb800 JavaThread "Execution worker for ':' Thread 3" [_thread_blocked, id=79144, stack(0x00000000262e0000,0x00000000263e0000)]
  0x000000001c5e8800 JavaThread "Execution worker for ':' Thread 2" [_thread_blocked, id=78888, stack(0x00000000261e0000,0x00000000262e0000)]
  0x000000001c5ec800 JavaThread "Execution worker for ':'" [_thread_blocked, id=66788, stack(0x00000000260e0000,0x00000000261e0000)]
  0x000000001c5ee000 JavaThread "Cache worker for file content cache (D:\StuSpace\Text\.gradle\5.4.1\fileContent)" [_thread_blocked, id=65744, stack(0x0000000025fe0000,0x00000000260e0000)]
  0x000000001c5ee800 JavaThread "Cache worker for file content cache (C:\Users\nb\.gradle\caches\5.4.1\fileContent)" [_thread_blocked, id=66952, stack(0x0000000025ee0000,0x0000000025fe0000)]
  0x000000001c5ed000 JavaThread "Cache worker for Build Output Cleanup Cache (D:\StuSpace\Text\.gradle\buildOutputCleanup)" [_thread_blocked, id=77560, stack(0x0000000025de0000,0x0000000025ee0000)]
  0x000000001c26f800 JavaThread "Build operations Thread 4" [_thread_blocked, id=24088, stack(0x0000000025ce0000,0x0000000025de0000)]
  0x000000001c276000 JavaThread "Build operations Thread 3" [_thread_blocked, id=78440, stack(0x0000000025be0000,0x0000000025ce0000)]
  0x000000001c275800 JavaThread "Build operations Thread 2" [_thread_blocked, id=72648, stack(0x0000000025ae0000,0x0000000025be0000)]
  0x000000001c274800 JavaThread "Build operations" [_thread_blocked, id=4200, stack(0x00000000259e0000,0x0000000025ae0000)]
  0x000000001c271000 JavaThread "Cache worker for cache directory md-rule (C:\Users\nb\.gradle\caches\5.4.1\md-rule)" [_thread_blocked, id=66944, stack(0x00000000258e0000,0x00000000259e0000)]
  0x000000001c271800 JavaThread "Cache worker for cache directory md-supplier (C:\Users\nb\.gradle\caches\5.4.1\md-supplier)" [_thread_blocked, id=79516, stack(0x00000000257e0000,0x00000000258e0000)]
  0x000000001c268000 JavaThread "Cache worker for file hash cache (D:\StuSpace\Text\.gradle\5.4.1\fileHashes)" [_thread_blocked, id=78776, stack(0x00000000256e0000,0x00000000257e0000)]
  0x000000001c26e800 JavaThread "Thread-44" [_thread_blocked, id=70924, stack(0x00000000255e0000,0x00000000256e0000)]
  0x000000001c26d000 JavaThread "Stdin handler" [_thread_blocked, id=79540, stack(0x00000000254e0000,0x00000000255e0000)]
  0x000000001c268800 JavaThread "Asynchronous log dispatcher for DefaultDaemonConnection: socket connection from /127.0.0.1:60149 to /127.0.0.1:60207" [_thread_blocked, id=42452, stack(0x00000000253e0000,0x00000000254e0000)]
  0x00000000191d3800 JavaThread "Daemon worker Thread 2" [_thread_blocked, id=77536, stack(0x00000000252e0000,0x00000000253e0000)]
  0x00000000191d3000 JavaThread "Cancel handler" [_thread_blocked, id=78960, stack(0x00000000251e0000,0x00000000252e0000)]
  0x00000000191d2000 JavaThread "Handler for socket connection from /127.0.0.1:60149 to /127.0.0.1:60207" [_thread_in_native, id=74616, stack(0x00000000250e0000,0x00000000251e0000)]
  0x00000000191d7800 JavaThread "Daemon Thread 2" [_thread_blocked, id=66832, stack(0x0000000024fe0000,0x00000000250e0000)]
  0x000000001c272800 JavaThread "Memory manager" [_thread_blocked, id=77000, stack(0x0000000022d40000,0x0000000022e40000)]
  0x000000001c269800 JavaThread "Cache worker for execution history cache (C:\Users\nb\.gradle\caches\5.4.1\executionHistory)" [_thread_blocked, id=60356, stack(0x000000001fee0000,0x000000001ffe0000)]
  0x00000000191d4800 JavaThread "Cache worker for journal cache (C:\Users\nb\.gradle\caches\journal-1)" [_thread_blocked, id=79236, stack(0x000000001afe0000,0x000000001b0e0000)]
  0x00000000191d6800 JavaThread "File lock request listener" [_thread_in_native, id=41988, stack(0x000000001aee0000,0x000000001afe0000)]
  0x00000000191d6000 JavaThread "Cache worker for file hash cache (C:\Users\nb\.gradle\caches\5.4.1\fileHashes)" [_thread_blocked, id=24288, stack(0x000000001abe0000,0x000000001ace0000)]
  0x0000000018cde000 JavaThread "Daemon periodic checks" [_thread_blocked, id=79140, stack(0x000000001a1e0000,0x000000001a2e0000)]
  0x0000000017e28800 JavaThread "Incoming local TCP Connector on port 60149" [_thread_in_native, id=70988, stack(0x000000001a0e0000,0x000000001a1e0000)]
  0x00000000193cb000 JavaThread "Daemon health stats" [_thread_blocked, id=14008, stack(0x0000000019de0000,0x0000000019ee0000)]
  0x0000000017b98000 JavaThread "Service Thread" daemon [_thread_blocked, id=79504, stack(0x0000000018410000,0x0000000018510000)]
  0x00000000167c1800 JavaThread "C1 CompilerThread2" daemon [_thread_blocked, id=79348, stack(0x0000000018310000,0x0000000018410000)]
  0x00000000167bf000 JavaThread "C2 CompilerThread1" daemon [_thread_blocked, id=77868, stack(0x0000000018210000,0x0000000018310000)]
  0x000000001680b800 JavaThread "C2 CompilerThread0" daemon [_thread_blocked, id=64060, stack(0x0000000018110000,0x0000000018210000)]
  0x00000000167a7800 JavaThread "Attach Listener" daemon [_thread_blocked, id=79324, stack(0x0000000018010000,0x0000000018110000)]
  0x0000000017b20800 JavaThread "Signal Dispatcher" daemon [_thread_blocked, id=79320, stack(0x0000000017f10000,0x0000000018010000)]
  0x0000000002d6d000 JavaThread "Finalizer" daemon [_thread_blocked, id=79588, stack(0x0000000017a10000,0x0000000017b10000)]
  0x0000000016799000 JavaThread "Reference Handler" daemon [_thread_blocked, id=64588, stack(0x0000000017910000,0x0000000017a10000)]
  0x0000000002e3d800 JavaThread "main" [_thread_blocked, id=79608, stack(0x00000000027c0000,0x00000000028c0000)]

Other Threads:
  0x0000000016775800 VMThread [stack: 0x0000000017810000,0x0000000017910000] [id=77704]
  0x0000000017b9b000 WatcherThread [stack: 0x0000000018510000,0x0000000018610000] [id=77776]

=>0x0000000002c87000 (exited) GCTaskThread [stack: 0x0000000012710000,0x0000000012810000] [id=73188]

VM state:at safepoint (normal execution)

VM Mutex/Monitor currently owned by a thread:  ([mutex/lock_event])
[0x0000000002e3cd90] Threads_lock - owner thread: 0x0000000016775800
[0x0000000002c70450] Heap_lock - owner thread: 0x000000001b80c000

heap address: 0x00000000a0000000, size: 1536 MB, Compressed Oops mode: 32-bit
Narrow klass base: 0x0000000000000000, Narrow klass shift: 3
Compressed class space size: 1073741824 Address: 0x0000000100000000

Heap:
 PSYoungGen      total 456192K, used 896K [0x00000000e0000000, 0x0000000100000000, 0x0000000100000000)
  eden space 417792K, 0% used [0x00000000e0000000,0x00000000e0000000,0x00000000f9800000)
  from space 38400K, 2% used [0x00000000f9800000,0x00000000f98e0000,0x00000000fbd80000)
  to   space 39424K, 0% used [0x00000000fd980000,0x00000000fd980000,0x0000000100000000)
 ParOldGen       total 132096K, used 77726K [0x00000000a0000000, 0x00000000a8100000, 0x00000000e0000000)
  object space 132096K, 58% used [0x00000000a0000000,0x00000000a4be7b48,0x00000000a8100000)
 Metaspace       used 94298K, capacity 98434K, committed 98584K, reserved 1134592K
  class space    used 12132K, capacity 12976K, committed 13096K, reserved 1048576K

Card table byte_map: [0x0000000012200000,0x0000000012510000] byte_map_base: 0x0000000011d00000

Marking Bits: (ParMarkBitMap*) 0x000000005a759f30
 Begin Bits: [0x0000000012b10000, 0x0000000014310000)
 End Bits:   [0x0000000014310000, 0x0000000015b10000)

Polling page: 0x0000000000b40000

CodeCache: size=245760Kb used=54670Kb max_used=54670Kb free=191089Kb
 bounds [0x0000000002e40000, 0x0000000006460000, 0x0000000011e40000]
 total_blobs=16654 nmethods=15676 adapters=885
 compilation: enabled

Compilation events (10 events):
Event: 469.776 Thread 0x00000000167c1800 18696       2       org.gradle.api.internal.tasks.properties.AbstractValidatingProperty::validate (65 bytes)
Event: 469.777 Thread 0x00000000167c1800 nmethod 18696 0x00000000038ab3d0 code [0x00000000038ab5c0, 0x00000000038abbe8]
Event: 469.778 Thread 0x00000000167c1800 18697       1       org.gradle.api.internal.tasks.properties.DefaultInputPropertySpec::getValue (5 bytes)
Event: 469.778 Thread 0x00000000167c1800 nmethod 18697 0x0000000003b1ef90 code [0x0000000003b1f0e0, 0x0000000003b1f1f0]
Event: 469.779 Thread 0x00000000167c1800 18698       2       org.gradle.api.internal.artifacts.ivyservice.resolveengine.artifact.CompositeResolvedArtifactSet::of (101 bytes)
Event: 469.780 Thread 0x00000000167c1800 nmethod 18698 0x0000000004289910 code [0x0000000004289b00, 0x000000000428a158]
Event: 469.820 Thread 0x00000000167c1800 18699       1       org.gradle.internal.classpath.DefaultClassPath::getAsFiles (5 bytes)
Event: 469.820 Thread 0x00000000167c1800 nmethod 18699 0x00000000056a8610 code [0x00000000056a8760, 0x00000000056a8870]
Event: 469.822 Thread 0x00000000167c1800 18700       2       com.google.common.collect.ArrayListMultimap::get (6 bytes)
Event: 469.823 Thread 0x00000000167c1800 nmethod 18700 0x00000000056a7f10 code [0x00000000056a80a0, 0x00000000056a83a8]

GC Heap History (10 events):
Event: 461.493 GC heap after
Heap after GC invocations=24 (full 3):
 PSYoungGen      total 326144K, used 33172K [0x00000000e0000000, 0x00000000fa400000, 0x0000000100000000)
  eden space 289792K, 0% used [0x00000000e0000000,0x00000000e0000000,0x00000000f1b00000)
  from space 36352K, 91% used [0x00000000f1b00000,0x00000000f3b65268,0x00000000f3e80000)
  to   space 40448K, 0% used [0x00000000f7c80000,0x00000000f7c80000,0x00000000fa400000)
 ParOldGen       total 132096K, used 63310K [0x00000000a0000000, 0x00000000a8100000, 0x00000000e0000000)
  object space 132096K, 47% used [0x00000000a0000000,0x00000000a3dd3a00,0x00000000a8100000)
 Metaspace       used 93498K, capacity 97700K, committed 97944K, reserved 1134592K
  class space    used 12065K, capacity 12893K, committed 12968K, reserved 1048576K
}
Event: 462.874 GC heap before
{Heap before GC invocations=25 (full 3):
 PSYoungGen      total 326144K, used 322964K [0x00000000e0000000, 0x00000000fa400000, 0x0000000100000000)
  eden space 289792K, 100% used [0x00000000e0000000,0x00000000f1b00000,0x00000000f1b00000)
  from space 36352K, 91% used [0x00000000f1b00000,0x00000000f3b65268,0x00000000f3e80000)
  to   space 40448K, 0% used [0x00000000f7c80000,0x00000000f7c80000,0x00000000fa400000)
 ParOldGen       total 132096K, used 63310K [0x00000000a0000000, 0x00000000a8100000, 0x00000000e0000000)
  object space 132096K, 47% used [0x00000000a0000000,0x00000000a3dd3a00,0x00000000a8100000)
 Metaspace       used 93635K, capacity 97844K, committed 97944K, reserved 1134592K
  class space    used 12073K, capacity 12895K, committed 12968K, reserved 1048576K
Event: 462.975 GC heap after
Heap after GC invocations=25 (full 3):
 PSYoungGen      total 389632K, used 24057K [0x00000000e0000000, 0x00000000fa980000, 0x0000000100000000)
  eden space 349184K, 0% used [0x00000000e0000000,0x00000000e0000000,0x00000000f5500000)
  from space 40448K, 59% used [0x00000000f7c80000,0x00000000f93fe748,0x00000000fa400000)
  to   space 40448K, 0% used [0x00000000f5500000,0x00000000f5500000,0x00000000f7c80000)
 ParOldGen       total 132096K, used 71562K [0x00000000a0000000, 0x00000000a8100000, 0x00000000e0000000)
  object space 132096K, 54% used [0x00000000a0000000,0x00000000a45e28c0,0x00000000a8100000)
 Metaspace       used 93635K, capacity 97844K, committed 97944K, reserved 1134592K
  class space    used 12073K, capacity 12895K, committed 12968K, reserved 1048576K
}
Event: 464.931 GC heap before
{Heap before GC invocations=26 (full 3):
 PSYoungGen      total 389632K, used 373241K [0x00000000e0000000, 0x00000000fa980000, 0x0000000100000000)
  eden space 349184K, 100% used [0x00000000e0000000,0x00000000f5500000,0x00000000f5500000)
  from space 40448K, 59% used [0x00000000f7c80000,0x00000000f93fe748,0x00000000fa400000)
  to   space 40448K, 0% used [0x00000000f5500000,0x00000000f5500000,0x00000000f7c80000)
 ParOldGen       total 132096K, used 71562K [0x00000000a0000000, 0x00000000a8100000, 0x00000000e0000000)
  object space 132096K, 54% used [0x00000000a0000000,0x00000000a45e28c0,0x00000000a8100000)
 Metaspace       used 93730K, capacity 97936K, committed 98200K, reserved 1134592K
  class space    used 12076K, capacity 12899K, committed 12968K, reserved 1048576K
Event: 464.986 GC heap after
Heap after GC invocations=26 (full 3):
 PSYoungGen      total 389632K, used 20029K [0x00000000e0000000, 0x00000000fe900000, 0x0000000100000000)
  eden space 349184K, 0% used [0x00000000e0000000,0x00000000e0000000,0x00000000f5500000)
  from space 40448K, 49% used [0x00000000f5500000,0x00000000f688f770,0x00000000f7c80000)
  to   space 38400K, 0% used [0x00000000fc380000,0x00000000fc380000,0x00000000fe900000)
 ParOldGen       total 132096K, used 75882K [0x00000000a0000000, 0x00000000a8100000, 0x00000000e0000000)
  object space 132096K, 57% used [0x00000000a0000000,0x00000000a4a1a9d0,0x00000000a8100000)
 Metaspace       used 93730K, capacity 97936K, committed 98200K, reserved 1134592K
  class space    used 12076K, capacity 12899K, committed 12968K, reserved 1048576K
}
Event: 469.086 GC heap before
{Heap before GC invocations=27 (full 3):
 PSYoungGen      total 389632K, used 369213K [0x00000000e0000000, 0x00000000fe900000, 0x0000000100000000)
  eden space 349184K, 100% used [0x00000000e0000000,0x00000000f5500000,0x00000000f5500000)
  from space 40448K, 49% used [0x00000000f5500000,0x00000000f688f770,0x00000000f7c80000)
  to   space 38400K, 0% used [0x00000000fc380000,0x00000000fc380000,0x00000000fe900000)
 ParOldGen       total 132096K, used 75882K [0x00000000a0000000, 0x00000000a8100000, 0x00000000e0000000)
  object space 132096K, 57% used [0x00000000a0000000,0x00000000a4a1a9d0,0x00000000a8100000)
 Metaspace       used 94199K, capacity 98326K, committed 98456K, reserved 1134592K
  class space    used 12122K, capacity 12942K, committed 12968K, reserved 1048576K
Event: 469.145 GC heap after
Heap after GC invocations=27 (full 3):
 PSYoungGen      total 450048K, used 9587K [0x00000000e0000000, 0x00000000fe300000, 0x0000000100000000)
  eden space 417792K, 0% used [0x00000000e0000000,0x00000000e0000000,0x00000000f9800000)
  from space 32256K, 29% used [0x00000000fc380000,0x00000000fccdcc98,0x00000000fe300000)
  to   space 38400K, 0% used [0x00000000f9800000,0x00000000f9800000,0x00000000fbd80000)
 ParOldGen       total 132096K, used 77601K [0x00000000a0000000, 0x00000000a8100000, 0x00000000e0000000)
  object space 132096K, 58% used [0x00000000a0000000,0x00000000a4bc8490,0x00000000a8100000)
 Metaspace       used 94199K, capacity 98326K, committed 98456K, reserved 1134592K
  class space    used 12122K, capacity 12942K, committed 12968K, reserved 1048576K
}
Event: 469.830 GC heap before
{Heap before GC invocations=28 (full 3):
 PSYoungGen      total 450048K, used 78859K [0x00000000e0000000, 0x00000000fe300000, 0x0000000100000000)
  eden space 417792K, 16% used [0x00000000e0000000,0x00000000e43a6358,0x00000000f9800000)
  from space 32256K, 29% used [0x00000000fc380000,0x00000000fccdcc98,0x00000000fe300000)
  to   space 38400K, 0% used [0x00000000f9800000,0x00000000f9800000,0x00000000fbd80000)
 ParOldGen       total 132096K, used 77601K [0x00000000a0000000, 0x00000000a8100000, 0x00000000e0000000)
  object space 132096K, 58% used [0x00000000a0000000,0x00000000a4bc8490,0x00000000a8100000)
 Metaspace       used 94298K, capacity 98434K, committed 98584K, reserved 1134592K
  class space    used 12132K, capacity 12976K, committed 13096K, reserved 1048576K
Event: 469.836 GC heap after
Heap after GC invocations=28 (full 3):
 PSYoungGen      total 456192K, used 896K [0x00000000e0000000, 0x0000000100000000, 0x0000000100000000)
  eden space 417792K, 0% used [0x00000000e0000000,0x00000000e0000000,0x00000000f9800000)
  from space 38400K, 2% used [0x00000000f9800000,0x00000000f98e0000,0x00000000fbd80000)
  to   space 39424K, 0% used [0x00000000fd980000,0x00000000fd980000,0x0000000100000000)
 ParOldGen       total 132096K, used 77726K [0x00000000a0000000, 0x00000000a8100000, 0x00000000e0000000)
  object space 132096K, 58% used [0x00000000a0000000,0x00000000a4be7b48,0x00000000a8100000)
 Metaspace       used 94298K, capacity 98434K, committed 98584K, reserved 1134592K
  class space    used 12132K, capacity 12976K, committed 13096K, reserved 1048576K
}
Event: 469.836 GC heap before
{Heap before GC invocations=29 (full 4):
 PSYoungGen      total 456192K, used 896K [0x00000000e0000000, 0x0000000100000000, 0x0000000100000000)
  eden space 417792K, 0% used [0x00000000e0000000,0x00000000e0000000,0x00000000f9800000)
  from space 38400K, 2% used [0x00000000f9800000,0x00000000f98e0000,0x00000000fbd80000)
  to   space 39424K, 0% used [0x00000000fd980000,0x00000000fd980000,0x0000000100000000)
 ParOldGen       total 132096K, used 77726K [0x00000000a0000000, 0x00000000a8100000, 0x00000000e0000000)
  object space 132096K, 58% used [0x00000000a0000000,0x00000000a4be7b48,0x00000000a8100000)
 Metaspace       used 94298K, capacity 98434K, committed 98584K, reserved 1134592K
  class space    used 12132K, capacity 12976K, committed 13096K, reserved 1048576K

Deoptimization events (10 events):
Event: 465.303 Thread 0x000000001c5eb800 Uncommon trap: reason=unstable_if action=reinterpret pc=0x0000000005bd884c method=java.util.TimSort.countRunAndMakeAscending([Ljava/lang/Object;IILjava/util/Comparator;)I @ 27
Event: 465.560 Thread 0x000000001c5eb800 Uncommon trap: reason=unstable_if action=reinterpret pc=0x00000000051abb60 method=com.android.tools.r8.dex.DexOutputBuffer.j(I)V @ 8
Event: 466.833 Thread 0x000000001c5eb800 Uncommon trap: reason=class_check action=maybe_recompile pc=0x00000000031adc28 method=sun.reflect.generics.reflectiveObjects.TypeVariableImpl.getGenericDeclaration()Ljava/lang/reflect/GenericDeclaration; @ 4
Event: 466.833 Thread 0x000000001c5eb800 Uncommon trap: reason=class_check action=maybe_recompile pc=0x00000000031adc28 method=sun.reflect.generics.reflectiveObjects.TypeVariableImpl.getGenericDeclaration()Ljava/lang/reflect/GenericDeclaration; @ 4
Event: 466.833 Thread 0x000000001c5eb800 Uncommon trap: reason=class_check action=maybe_recompile pc=0x00000000031adc28 method=sun.reflect.generics.reflectiveObjects.TypeVariableImpl.getGenericDeclaration()Ljava/lang/reflect/GenericDeclaration; @ 4
Event: 466.833 Thread 0x000000001c5eb800 Uncommon trap: reason=class_check action=maybe_recompile pc=0x00000000031adc28 method=sun.reflect.generics.reflectiveObjects.TypeVariableImpl.getGenericDeclaration()Ljava/lang/reflect/GenericDeclaration; @ 4
Event: 466.844 Thread 0x000000001c5eb800 Uncommon trap: reason=class_check action=maybe_recompile pc=0x00000000058eaf30 method=java.util.regex.Pattern$CharProperty$1.isSatisfiedBy(I)Z @ 5
Event: 466.845 Thread 0x000000001c5eb800 Uncommon trap: reason=class_check action=maybe_recompile pc=0x00000000058eaf30 method=java.util.regex.Pattern$CharProperty$1.isSatisfiedBy(I)Z @ 5
Event: 466.845 Thread 0x000000001c5eb800 Uncommon trap: reason=class_check action=maybe_recompile pc=0x00000000058eaf30 method=java.util.regex.Pattern$CharProperty$1.isSatisfiedBy(I)Z @ 5
Event: 466.845 Thread 0x000000001c5eb800 Uncommon trap: reason=class_check action=maybe_recompile pc=0x00000000058eaf30 method=java.util.regex.Pattern$CharProperty$1.isSatisfiedBy(I)Z @ 5

Classes redefined (0 events):
No events

Internal exceptions (10 events):
Event: 465.719 Thread 0x000000001b80b000 Exception <a 'sun/nio/fs/WindowsException'> (0x00000000e63221e8) thrown at [D:\src\AOSP-openjdk-cygwin\jdk8u\hotspot\src\share\vm\prims\jni.cpp, line 710]
Event: 465.731 Thread 0x000000001b80b000 Exception <a 'sun/nio/fs/WindowsException'> (0x00000000e6328788) thrown at [D:\src\AOSP-openjdk-cygwin\jdk8u\hotspot\src\share\vm\prims\jni.cpp, line 710]
Event: 465.734 Thread 0x000000001b80b000 Exception <a 'sun/nio/fs/WindowsException'> (0x00000000e6332108) thrown at [D:\src\AOSP-openjdk-cygwin\jdk8u\hotspot\src\share\vm\prims\jni.cpp, line 710]
Event: 465.946 Thread 0x000000001b80b000 Exception <a 'sun/nio/fs/WindowsException'> (0x00000000e73583d8) thrown at [D:\src\AOSP-openjdk-cygwin\jdk8u\hotspot\src\share\vm\prims\jni.cpp, line 710]
Event: 465.948 Thread 0x000000001b80b000 Exception <a 'sun/nio/fs/WindowsException'> (0x00000000e735f1c8) thrown at [D:\src\AOSP-openjdk-cygwin\jdk8u\hotspot\src\share\vm\prims\jni.cpp, line 710]
Event: 466.088 Thread 0x000000001b80b000 Exception <a 'sun/nio/fs/WindowsException'> (0x00000000e7365710) thrown at [D:\src\AOSP-openjdk-cygwin\jdk8u\hotspot\src\share\vm\prims\jni.cpp, line 710]
Event: 466.092 Thread 0x000000001b80b000 Exception <a 'sun/nio/fs/WindowsException'> (0x00000000e736c968) thrown at [D:\src\AOSP-openjdk-cygwin\jdk8u\hotspot\src\share\vm\prims\jni.cpp, line 710]
Event: 466.095 Thread 0x000000001b80b000 Exception <a 'sun/nio/fs/WindowsException'> (0x00000000e7372da0) thrown at [D:\src\AOSP-openjdk-cygwin\jdk8u\hotspot\src\share\vm\prims\jni.cpp, line 710]
Event: 469.751 Thread 0x00000000191d3800 Exception <a 'sun/nio/fs/WindowsException'> (0x00000000e3e98ac0) thrown at [D:\src\AOSP-openjdk-cygwin\jdk8u\hotspot\src\share\vm\prims\jni.cpp, line 710]
Event: 469.817 Thread 0x00000000191d3800 Exception <a 'java/lang/NoSuchMethodError': <clinit>> (0x00000000e3f60130) thrown at [D:\src\AOSP-openjdk-cygwin\jdk8u\hotspot\src\share\vm\prims\jni.cpp, line 1614]

Events (10 events):
Event: 469.821 Thread 0x00000000191d3800 DEOPT PACKING pc=0x000000000485fd51 sp=0x00000000253d8890
Event: 469.821 Thread 0x00000000191d3800 DEOPT UNPACKING pc=0x0000000002e875d0 sp=0x00000000253d85d8 mode 0
Event: 469.821 Thread 0x00000000191d3800 DEOPT PACKING pc=0x000000000485fd51 sp=0x00000000253d8890
Event: 469.821 Thread 0x00000000191d3800 DEOPT UNPACKING pc=0x0000000002e875d0 sp=0x00000000253d85d8 mode 0
Event: 469.821 Thread 0x00000000191d3800 DEOPT PACKING pc=0x000000000485fd51 sp=0x00000000253d8890
Event: 469.821 Thread 0x00000000191d3800 DEOPT UNPACKING pc=0x0000000002e875d0 sp=0x00000000253d85d8 mode 0
Event: 469.822 Thread 0x00000000191d3800 DEOPT PACKING pc=0x000000000485fd51 sp=0x00000000253d8890
Event: 469.822 Thread 0x00000000191d3800 DEOPT UNPACKING pc=0x0000000002e875d0 sp=0x00000000253d85d8 mode 0
Event: 469.823 Thread 0x000000001b810800 Thread added: 0x000000001b810800
Event: 469.825 Executing VM operation: CollectForMetadataAllocation


Dynamic libraries:
0x00007ff7aed50000 - 0x00007ff7aed81000 	C:\Program Files\Android\Android Studio\jre\bin\java.exe
0x00007ff8ba7b0000 - 0x00007ff8ba99d000 	C:\Windows\SYSTEM32\ntdll.dll
0x00007ff8b91d0000 - 0x00007ff8b9283000 	C:\Windows\System32\KERNEL32.DLL
0x00007ff8b6d40000 - 0x00007ff8b6fd3000 	C:\Windows\System32\KERNELBASE.dll
0x00007ff8b9120000 - 0x00007ff8b91c3000 	C:\Windows\System32\ADVAPI32.dll
0x00007ff8b9320000 - 0x00007ff8b93be000 	C:\Windows\System32\msvcrt.dll
0x00007ff8ba640000 - 0x00007ff8ba6de000 	C:\Windows\System32\sechost.dll
0x00007ff8b9f70000 - 0x00007ff8ba092000 	C:\Windows\System32\RPCRT4.dll
0x00007ff8b9c60000 - 0x00007ff8b9df7000 	C:\Windows\System32\USER32.dll
0x00007ff8b7130000 - 0x00007ff8b7150000 	C:\Windows\System32\win32u.dll
0x00007ff8b8ed0000 - 0x00007ff8b8ef9000 	C:\Windows\System32\GDI32.dll
0x00007ff8b6870000 - 0x00007ff8b6a09000 	C:\Windows\System32\gdi32full.dll
0x00007ff8b7090000 - 0x00007ff8b7130000 	C:\Windows\System32\msvcp_win.dll
0x00007ff8b6c40000 - 0x00007ff8b6d3a000 	C:\Windows\System32\ucrtbase.dll
0x00007ff8a9ce0000 - 0x00007ff8a9f59000 	C:\Windows\WinSxS\amd64_microsoft.windows.common-controls_6595b64144ccf1df_6.0.17763.864_none_05b3441807210760\COMCTL32.dll
0x00007ff8b95e0000 - 0x00007ff8b990c000 	C:\Windows\System32\combase.dll
0x00007ff8b7930000 - 0x00007ff8b79ae000 	C:\Windows\System32\bcryptPrimitives.dll
0x00007ff8ba6e0000 - 0x00007ff8ba70e000 	C:\Windows\System32\IMM32.DLL
0x000000005bf00000 - 0x000000005bfd2000 	C:\Program Files\Android\Android Studio\jre\jre\bin\msvcr100.dll
0x0000000059f90000 - 0x000000005a7d6000 	C:\Program Files\Android\Android Studio\jre\jre\bin\server\jvm.dll
0x00007ff8ba770000 - 0x00007ff8ba778000 	C:\Windows\System32\PSAPI.DLL
0x00007ff8b35e0000 - 0x00007ff8b35e9000 	C:\Windows\SYSTEM32\WSOCK32.dll
0x00007ff8ad140000 - 0x00007ff8ad164000 	C:\Windows\SYSTEM32\WINMM.dll
0x00007ff8b9910000 - 0x00007ff8b997d000 	C:\Windows\System32\WS2_32.dll
0x00007ff8b1870000 - 0x00007ff8b187a000 	C:\Windows\SYSTEM32\VERSION.dll
0x00007ff8acf00000 - 0x00007ff8acf2d000 	C:\Windows\SYSTEM32\winmmbase.dll
0x00007ff8b6bf0000 - 0x00007ff8b6c3a000 	C:\Windows\System32\cfgmgr32.dll
0x00007ff8b3250000 - 0x00007ff8b325f000 	C:\Program Files\Android\Android Studio\jre\jre\bin\verify.dll
0x00007ff8b28f0000 - 0x00007ff8b2919000 	C:\Program Files\Android\Android Studio\jre\jre\bin\java.dll
0x00007ff8b3020000 - 0x00007ff8b3036000 	C:\Program Files\Android\Android Studio\jre\jre\bin\zip.dll
0x00007ff8b79d0000 - 0x00007ff8b8ec4000 	C:\Windows\System32\SHELL32.dll
0x00007ff8b9bb0000 - 0x00007ff8b9c58000 	C:\Windows\System32\shcore.dll
0x00007ff8b71e0000 - 0x00007ff8b792d000 	C:\Windows\System32\windows.storage.dll
0x00007ff8b6840000 - 0x00007ff8b6864000 	C:\Windows\System32\profapi.dll
0x00007ff8b67c0000 - 0x00007ff8b681d000 	C:\Windows\System32\powrprof.dll
0x00007ff8b9420000 - 0x00007ff8b9472000 	C:\Windows\System32\shlwapi.dll
0x00007ff8b6820000 - 0x00007ff8b6831000 	C:\Windows\System32\kernel.appcore.dll
0x00007ff8b79b0000 - 0x00007ff8b79c7000 	C:\Windows\System32\cryptsp.dll
0x00007ff8b28a0000 - 0x00007ff8b28ba000 	C:\Program Files\Android\Android Studio\jre\jre\bin\net.dll
0x00007ff8b6010000 - 0x00007ff8b6077000 	C:\Windows\system32\mswsock.dll
0x00007ff8b2670000 - 0x00007ff8b2681000 	C:\Program Files\Android\Android Studio\jre\jre\bin\nio.dll
0x00007ff8a4f90000 - 0x00007ff8a4fb6000 	C:\Users\nb\.gradle\native\29\windows-amd64\native-platform.dll
0x00007ff8b3240000 - 0x00007ff8b324d000 	C:\Program Files\Android\Android Studio\jre\jre\bin\management.dll
0x00007ff8b5b90000 - 0x00007ff8b5bc3000 	C:\Windows\system32\rsaenh.dll
0x00007ff8b7150000 - 0x00007ff8b7176000 	C:\Windows\System32\bcrypt.dll
0x00007ff8b66a0000 - 0x00007ff8b66c8000 	C:\Windows\SYSTEM32\USERENV.dll
0x00007ff8b61e0000 - 0x00007ff8b61ec000 	C:\Windows\SYSTEM32\CRYPTBASE.dll
0x00007ff8b5d30000 - 0x00007ff8b5d6d000 	C:\Windows\SYSTEM32\IPHLPAPI.DLL
0x00007ff8ba5d0000 - 0x00007ff8ba5d8000 	C:\Windows\System32\NSI.dll
0x00007ff8b20f0000 - 0x00007ff8b2106000 	C:\Windows\SYSTEM32\dhcpcsvc6.DLL
0x00007ff8b2060000 - 0x00007ff8b207c000 	C:\Windows\SYSTEM32\dhcpcsvc.DLL
0x00007ff8b5d70000 - 0x00007ff8b5e36000 	C:\Windows\SYSTEM32\DNSAPI.dll
0x00007ff8a6360000 - 0x00007ff8a64fc000 	C:\Program Files\Android\Android Studio\jre\jre\bin\awt.dll
0x00007ff8b8f00000 - 0x00007ff8b8fc4000 	C:\Windows\System32\OLEAUT32.dll
0x00007ff8b5180000 - 0x00007ff8b51ae000 	C:\Windows\SYSTEM32\dwmapi.dll
0x00007ff8b6a10000 - 0x00007ff8b6beb000 	C:\Windows\System32\CRYPT32.dll
0x00007ff8b67a0000 - 0x00007ff8b67b2000 	C:\Windows\System32\MSASN1.dll
0x00007ff8b3db0000 - 0x00007ff8b436e000 	C:\Windows\SYSTEM32\d2d1.dll
0x00007ff8b4bf0000 - 0x00007ff8b4c7c000 	C:\Windows\SYSTEM32\apphelp.dll
0x00007ff8b4d70000 - 0x00007ff8b4e0c000 	C:\Windows\system32\uxtheme.dll
0x00007ff8af2b0000 - 0x00007ff8af49d000 	C:\Windows\SYSTEM32\dbghelp.dll

VM Arguments:
jvm_args: -Xmx1536m -Dfile.encoding=GBK -Duser.country=CN -Duser.language=zh -Duser.variant 
java_command: org.gradle.launcher.daemon.bootstrap.GradleDaemon 5.4.1
java_class_path (initial): C:\Users\nb\.gradle\wrapper\dists\gradle-5.4.1-all\3221gyojl5jsh0helicew7rwx\gradle-5.4.1\lib\gradle-launcher-5.4.1.jar
Launcher Type: SUN_STANDARD

Environment Variables:
JAVA_HOME=C:\Program Files\Java\jdk1.8.0_192
PATH=C:\Program Files (x86)\Common Files\Oracle\Java\javapath;C:\Windows\system32;C:\Windows;C:\Windows\System32\Wbem;C:\Windows\System32\WindowsPowerShell\v1.0\;C:\Windows\System32\OpenSSH\;C:\Program Files (x86)\NVIDIA Corporation\PhysX\Common;"%JAVA_HOME%\bin;%JAVA_HOME%\jre\bin;C:\Users\nb\.gradle\wrapper\dists\gradle-5.4.1-all\3221gyojl5jsh0helicew7rwx\gradle-5.4.1\bin\gradle.bat\bin；";C:\Program Files\Java\jdk1.8.0_192\bin;C:\Program Files\Git\cmd;C:\Users\nb\Android\Sdk\Sdk\platform-tools\;C:\Program Files\TortoiseGit\bin;C:\Users\nb\AppData\Local\Microsoft\WindowsApps;
USERNAME=nb
OS=Windows_NT
PROCESSOR_IDENTIFIER=Intel64 Family 6 Model 60 Stepping 3, GenuineIntel



---------------  S Y S T E M  ---------------

OS: Windows 10.0 , 64 bit Build 17763 (10.0.17763.475)

CPU:total 4 (initial active 4) (2 cores per cpu, 2 threads per core) family 6 model 60 stepping 3, cmov, cx8, fxsr, mmx, sse, sse2, sse3, ssse3, sse4.1, sse4.2, popcnt, avx, avx2, aes, clmul, erms, lzcnt, ht, tsc, tscinvbit, bmi1, bmi2

Memory: 4k page, physical 8281452k(508196k free), swap 18278892k(3698720k free)

vm_info: OpenJDK 64-Bit Server VM (25.202-b03) for windows-amd64 JRE (1.8.0_202-release-1483-b03), built by "builder" with MS VC++ 10.0 (VS2010)

time: Tue Nov 19 11:36:29 2019
timezone: 中国标准时间
elapsed time: 469 seconds (0d 0h 7m 49s)

